<?xml version="1.0" encoding="UTF-8"?>
<!-- Generated by org.testng.reporters.JUnitReportReporter -->
<testsuite skipped="0" hostname="LAPTOP-BF6CQPM7" name="com.netbanking.testcases.TC_LoginTest_001" tests="1" failures="0" timestamp="25 Jul 2022 17:48:57 GMT" time="9.540" errors="0">
  <testcase name="loginTest" time="9.540" classname="com.netbanking.testcases.TC_LoginTest_001"/>
</testsuite> <!-- com.netbanking.testcases.TC_LoginTest_001 -->
