<?xml version="1.0" encoding="UTF-8"?>
<!-- Generated by org.testng.reporters.JUnitReportReporter -->
<testsuite skipped="0" hostname="LAPTOP-BF6CQPM7" name="com.netbanking.testcases.TC_AddNewCustomerTest_003" tests="1" failures="0" timestamp="25 Jul 2022 17:48:56 GMT" time="37.406" errors="0">
  <testcase name="addNewCustomer" time="37.406" classname="com.netbanking.testcases.TC_AddNewCustomerTest_003"/>
</testsuite> <!-- com.netbanking.testcases.TC_AddNewCustomerTest_003 -->
