<?xml version="1.0" encoding="UTF-8"?>
<!-- Generated by org.testng.reporters.JUnitReportReporter -->
<testsuite skipped="0" hostname="LAPTOP-BF6CQPM7" name="com.netbanking.testcases.TC_LoginDDT_002" tests="1" failures="0" timestamp="25 Jul 2022 20:31:48 GMT" time="15.554" errors="0">
  <testcase name="LoginDDT" time="15.554" classname="com.netbanking.testcases.TC_LoginDDT_002"/>
</testsuite> <!-- com.netbanking.testcases.TC_LoginDDT_002 -->
